<?xml version="1.0" encoding="UTF-8"?>
<!-- Generated by org.testng.reporters.JUnitXMLReporter -->
<testsuite ignored="0" hostname="DESKTOP-Q6F9PJA" failures="1" tests="1" name="Test" time="16.686" errors="0" timestamp="2021-05-31T09:56:20 IST">
  <testcase classname="com.OmistusCrm.Operation.verifyAllActiveOperaions" name="allActiveOperations" time="2.447">
    <failure type="java.lang.AssertionError" message="expected [Zoho CRM - Home Page] but found [null]">
      <![CDATA[java.lang.AssertionError: expected [Zoho CRM - Home Page] but found [null]
at com.OmistusCrm.generic.WebDriverCommonLib.verify(WebDriverCommonLib.java:23)
at com.OmistusCrm.Operation.verifyAllActiveOperaions.allActiveOperations(verifyAllActiveOperaions.java:24)
at java.base/java.util.ArrayList.forEach(ArrayList.java:1541)
... Removed 33 stack frames]]>
    </failure>
  </testcase> <!-- allActiveOperations -->
</testsuite> <!-- Test -->
